build/app/intermediates/manifest_merge_blame_file/debug/manifest-merger-blame-debug-report.txt
1<?xml version="1.0" encoding="utf-8"?>
2<manifest xmlns:android="http://schemas.android.com/apk/res/android"
3    package="com.example.petshop"
4    android:versionCode="1"
5    android:versionName="1.0.0" >
6
7    <uses-sdk
8        android:minSdkVersion="21"
9        android:targetSdkVersion="30" />
10    <!--
11         The INTERNET permission is required for development. Specifically,
12         the Flutter tool needs it to communicate with the running application
13         to allow setting breakpoints, to provide hot reload, etc.
14    -->
15    <uses-permission android:name="android.permission.INTERNET" />
15-->src\debug\AndroidManifest.xml:7:5-66
15-->src\debug\AndroidManifest.xml:7:22-64
16
17    <queries>
17-->src\main\AndroidManifest.xml:38:5-45:15
18        ... other intents
19        <!-- If your app sends emails -->
20        <intent>
20-->src\main\AndroidManifest.xml:41:9-44:18
21            <action android:name="android.intent.action.SEND" />
21-->src\main\AndroidManifest.xml:42:13-65
21-->src\main\AndroidManifest.xml:42:21-62
22
23            <data android:mimeType="*/*" />
23-->src\main\AndroidManifest.xml:43:13-44
23-->src\main\AndroidManifest.xml:43:19-41
24        </intent>
25        <!-- Needs to be explicitly declared on Android R+ -->
26        <package android:name="com.google.android.apps.maps" />
26-->[com.google.android.gms:play-services-maps:18.1.0] AndroidManifest.xml:33:9-64
26-->[com.google.android.gms:play-services-maps:18.1.0] AndroidManifest.xml:33:18-61
27    </queries> <!-- Although the *SdkVersion is captured in gradle build files, this is required for non gradle builds -->
28    <!-- <uses-sdk android:minSdkVersion="14" /> -->
29    <uses-permission android:name="android.permission.ACCESS_NETWORK_STATE" />
29-->[com.google.firebase:firebase-firestore:24.6.0] AndroidManifest.xml:12:5-79
29-->[com.google.firebase:firebase-firestore:24.6.0] AndroidManifest.xml:12:22-76
30    <uses-permission android:name="android.permission.WAKE_LOCK" />
30-->[com.google.android.gms:play-services-measurement-api:21.2.2] AndroidManifest.xml:24:5-68
30-->[com.google.android.gms:play-services-measurement-api:21.2.2] AndroidManifest.xml:24:22-65
31    <uses-permission android:name="com.google.android.gms.permission.AD_ID" />
31-->[com.google.android.gms:play-services-measurement-api:21.2.2] AndroidManifest.xml:25:5-79
31-->[com.google.android.gms:play-services-measurement-api:21.2.2] AndroidManifest.xml:25:22-76
32
33    <uses-feature
33-->[com.google.android.gms:play-services-maps:18.1.0] AndroidManifest.xml:26:5-28:35
34        android:glEsVersion="0x00020000"
34-->[com.google.android.gms:play-services-maps:18.1.0] AndroidManifest.xml:27:9-41
35        android:required="true" />
35-->[com.google.android.gms:play-services-maps:18.1.0] AndroidManifest.xml:28:9-32
36
37    <uses-permission android:name="com.google.android.finsky.permission.BIND_GET_INSTALL_REFERRER_SERVICE" />
37-->[com.google.android.gms:play-services-measurement:21.2.2] AndroidManifest.xml:26:5-110
37-->[com.google.android.gms:play-services-measurement:21.2.2] AndroidManifest.xml:26:22-107
38
39    <application
40        android:name="android.app.Application"
41        android:appComponentFactory="androidx.core.app.CoreComponentFactory"
41-->[androidx.core:core:1.6.0] AndroidManifest.xml:24:18-86
42        android:debuggable="true"
43        android:icon="@mipmap/ic_launcher"
44        android:label="petshop" >
45        <activity
46            android:name="com.example.petshop.MainActivity"
47            android:configChanges="orientation|keyboardHidden|keyboard|screenSize|smallestScreenSize|locale|layoutDirection|fontScale|screenLayout|density|uiMode"
48            android:exported="true"
49            android:hardwareAccelerated="true"
50            android:launchMode="singleTop"
51            android:theme="@style/LaunchTheme"
52            android:windowSoftInputMode="adjustResize" >
53
54            <!--
55                 Specifies an Android theme to apply to this Activity as soon as
56                 the Android process has started. This theme is visible to the user
57                 while the Flutter UI initializes. After that, this theme continues
58                 to determine the Window background behind the Flutter UI.
59            -->
60            <meta-data
61                android:name="io.flutter.embedding.android.NormalTheme"
62                android:resource="@style/NormalTheme" />
63
64            <intent-filter>
65                <action android:name="android.intent.action.MAIN" />
66
67                <category android:name="android.intent.category.LAUNCHER" />
68            </intent-filter>
69        </activity>
70
71        <!--
72             Don't delete the meta-data below.
73             This is used by the Flutter tool to generate GeneratedPluginRegistrant.java
74        -->
75        <meta-data
76            android:name="flutterEmbedding"
77            android:value="2" />
78
79        <service
79-->[:cloud_firestore] AndroidManifest.xml:10:9-14:19
80            android:name="com.google.firebase.components.ComponentDiscoveryService"
80-->[:cloud_firestore] AndroidManifest.xml:10:18-89
81            android:directBootAware="true"
81-->[com.google.firebase:firebase-common:20.3.2] AndroidManifest.xml:34:13-43
82            android:exported="false" >
82-->[com.google.firebase:firebase-firestore:24.6.0] AndroidManifest.xml:18:13-37
83            <meta-data
83-->[:cloud_firestore] AndroidManifest.xml:11:13-13:85
84                android:name="com.google.firebase.components:io.flutter.plugins.firebase.firestore.FlutterFirebaseFirestoreRegistrar"
84-->[:cloud_firestore] AndroidManifest.xml:12:17-134
85                android:value="com.google.firebase.components.ComponentRegistrar" />
85-->[:cloud_firestore] AndroidManifest.xml:13:17-82
86            <meta-data
86-->[:firebase_core] AndroidManifest.xml:11:13-13:85
87                android:name="com.google.firebase.components:io.flutter.plugins.firebase.core.FlutterFirebaseCoreRegistrar"
87-->[:firebase_core] AndroidManifest.xml:12:17-124
88                android:value="com.google.firebase.components.ComponentRegistrar" />
88-->[:firebase_core] AndroidManifest.xml:13:17-82
89            <meta-data
89-->[com.google.firebase:firebase-firestore:24.6.0] AndroidManifest.xml:19:13-21:85
90                android:name="com.google.firebase.components:com.google.firebase.firestore.FirestoreRegistrar"
90-->[com.google.firebase:firebase-firestore:24.6.0] AndroidManifest.xml:20:17-111
91                android:value="com.google.firebase.components.ComponentRegistrar" />
91-->[com.google.firebase:firebase-firestore:24.6.0] AndroidManifest.xml:21:17-82
92            <meta-data
92-->[com.google.android.gms:play-services-measurement-api:21.2.2] AndroidManifest.xml:31:13-33:85
93                android:name="com.google.firebase.components:com.google.firebase.analytics.connector.internal.AnalyticsConnectorRegistrar"
93-->[com.google.android.gms:play-services-measurement-api:21.2.2] AndroidManifest.xml:32:17-139
94                android:value="com.google.firebase.components.ComponentRegistrar" />
94-->[com.google.android.gms:play-services-measurement-api:21.2.2] AndroidManifest.xml:33:17-82
95            <meta-data
95-->[com.google.firebase:firebase-installations:17.1.3] AndroidManifest.xml:17:13-19:85
96                android:name="com.google.firebase.components:com.google.firebase.installations.FirebaseInstallationsRegistrar"
96-->[com.google.firebase:firebase-installations:17.1.3] AndroidManifest.xml:18:17-127
97                android:value="com.google.firebase.components.ComponentRegistrar" />
97-->[com.google.firebase:firebase-installations:17.1.3] AndroidManifest.xml:19:17-82
98        </service>
99
100        <activity
100-->[:url_launcher_android] AndroidManifest.xml:10:9-13:74
101            android:name="io.flutter.plugins.urllauncher.WebViewActivity"
101-->[:url_launcher_android] AndroidManifest.xml:11:13-74
102            android:exported="false"
102-->[:url_launcher_android] AndroidManifest.xml:12:13-37
103            android:theme="@android:style/Theme.NoTitleBar.Fullscreen" />
103-->[:url_launcher_android] AndroidManifest.xml:13:13-71
104
105        <uses-library
105-->[androidx.window:window:1.0.0-beta04] AndroidManifest.xml:25:9-27:40
106            android:name="androidx.window.extensions"
106-->[androidx.window:window:1.0.0-beta04] AndroidManifest.xml:26:13-54
107            android:required="false" />
107-->[androidx.window:window:1.0.0-beta04] AndroidManifest.xml:27:13-37
108        <uses-library
108-->[androidx.window:window:1.0.0-beta04] AndroidManifest.xml:28:9-30:40
109            android:name="androidx.window.sidecar"
109-->[androidx.window:window:1.0.0-beta04] AndroidManifest.xml:29:13-51
110            android:required="false" />
110-->[androidx.window:window:1.0.0-beta04] AndroidManifest.xml:30:13-37
111
112        <provider
112-->[com.google.firebase:firebase-common:20.3.2] AndroidManifest.xml:25:9-30:39
113            android:name="com.google.firebase.provider.FirebaseInitProvider"
113-->[com.google.firebase:firebase-common:20.3.2] AndroidManifest.xml:26:13-77
114            android:authorities="com.example.petshop.firebaseinitprovider"
114-->[com.google.firebase:firebase-common:20.3.2] AndroidManifest.xml:27:13-72
115            android:directBootAware="true"
115-->[com.google.firebase:firebase-common:20.3.2] AndroidManifest.xml:28:13-43
116            android:exported="false"
116-->[com.google.firebase:firebase-common:20.3.2] AndroidManifest.xml:29:13-37
117            android:initOrder="100" /> <!-- Needs to be explicitly declared on P+ -->
117-->[com.google.firebase:firebase-common:20.3.2] AndroidManifest.xml:30:13-36
118        <uses-library
118-->[com.google.android.gms:play-services-maps:18.1.0] AndroidManifest.xml:39:9-41:40
119            android:name="org.apache.http.legacy"
119-->[com.google.android.gms:play-services-maps:18.1.0] AndroidManifest.xml:40:13-50
120            android:required="false" />
120-->[com.google.android.gms:play-services-maps:18.1.0] AndroidManifest.xml:41:13-37
121
122        <receiver
122-->[com.google.android.gms:play-services-measurement:21.2.2] AndroidManifest.xml:29:9-33:20
123            android:name="com.google.android.gms.measurement.AppMeasurementReceiver"
123-->[com.google.android.gms:play-services-measurement:21.2.2] AndroidManifest.xml:30:13-85
124            android:enabled="true"
124-->[com.google.android.gms:play-services-measurement:21.2.2] AndroidManifest.xml:31:13-35
125            android:exported="false" >
125-->[com.google.android.gms:play-services-measurement:21.2.2] AndroidManifest.xml:32:13-37
126        </receiver>
127
128        <service
128-->[com.google.android.gms:play-services-measurement:21.2.2] AndroidManifest.xml:35:9-38:40
129            android:name="com.google.android.gms.measurement.AppMeasurementService"
129-->[com.google.android.gms:play-services-measurement:21.2.2] AndroidManifest.xml:36:13-84
130            android:enabled="true"
130-->[com.google.android.gms:play-services-measurement:21.2.2] AndroidManifest.xml:37:13-35
131            android:exported="false" />
131-->[com.google.android.gms:play-services-measurement:21.2.2] AndroidManifest.xml:38:13-37
132        <service
132-->[com.google.android.gms:play-services-measurement:21.2.2] AndroidManifest.xml:39:9-43:72
133            android:name="com.google.android.gms.measurement.AppMeasurementJobService"
133-->[com.google.android.gms:play-services-measurement:21.2.2] AndroidManifest.xml:40:13-87
134            android:enabled="true"
134-->[com.google.android.gms:play-services-measurement:21.2.2] AndroidManifest.xml:41:13-35
135            android:exported="false"
135-->[com.google.android.gms:play-services-measurement:21.2.2] AndroidManifest.xml:42:13-37
136            android:permission="android.permission.BIND_JOB_SERVICE" />
136-->[com.google.android.gms:play-services-measurement:21.2.2] AndroidManifest.xml:43:13-69
137
138        <activity
138-->[com.google.android.gms:play-services-base:18.0.1] AndroidManifest.xml:20:9-22:45
139            android:name="com.google.android.gms.common.api.GoogleApiActivity"
139-->[com.google.android.gms:play-services-base:18.0.1] AndroidManifest.xml:20:19-85
140            android:exported="false"
140-->[com.google.android.gms:play-services-base:18.0.1] AndroidManifest.xml:22:19-43
141            android:theme="@android:style/Theme.Translucent.NoTitleBar" />
141-->[com.google.android.gms:play-services-base:18.0.1] AndroidManifest.xml:21:19-78
142
143        <meta-data
143-->[com.google.android.gms:play-services-basement:18.1.0] AndroidManifest.xml:21:9-23:69
144            android:name="com.google.android.gms.version"
144-->[com.google.android.gms:play-services-basement:18.1.0] AndroidManifest.xml:22:13-58
145            android:value="@integer/google_play_services_version" />
145-->[com.google.android.gms:play-services-basement:18.1.0] AndroidManifest.xml:23:13-66
146    </application>
147
148</manifest>